<?xml version="1.0" encoding="UTF-8"?>
<testsuite xmlns:xsi="http://www.w3.org/2001/XMLSchema-instance" xsi:noNamespaceSchemaLocation="https://maven.apache.org/surefire/maven-surefire-plugin/xsd/surefire-test-report.xsd" name="calculatorTest" time="0.021" tests="3" errors="0" skipped="0" failures="0">
  <properties>
[...]
</properties>
  <testcase name="addsTwoNumbers" classname="calculatorTest" time="0.01"/>
  <testcase name="init" classname="calculatorTest" time="0"/>
  <testcase name="testAssertThatEqual" classname="calculatorTest" time="0.006"/>
</testsuite>